<?xml version="1.0" encoding="UTF-8"?>
<testng-results skipped="0" failed="0" total="2" passed="2">
  <reporter-output>
  </reporter-output>
  <suite name="Default suite" duration-ms="92" started-at="2020-06-05T07:50:09Z" finished-at="2020-06-05T07:50:09Z">
    <groups>
    </groups>
    <test name="Default test" duration-ms="92" started-at="2020-06-05T07:50:09Z" finished-at="2020-06-05T07:50:09Z">
      <class name="sonarqube.mavensonar.TestSonar">
        <test-method status="PASS" signature="test1()[pri:0, instance:sonarqube.mavensonar.TestSonar@75bd9247]" name="test1" duration-ms="45" started-at="2020-06-05T13:20:09Z" finished-at="2020-06-05T13:20:09Z">
          <reporter-output>
          </reporter-output>
        </test-method> <!-- test1 -->
        <test-method status="PASS" signature="test2()[pri:0, instance:sonarqube.mavensonar.TestSonar@75bd9247]" name="test2" duration-ms="1" started-at="2020-06-05T13:20:09Z" finished-at="2020-06-05T13:20:09Z">
          <reporter-output>
          </reporter-output>
        </test-method> <!-- test2 -->
      </class> <!-- sonarqube.mavensonar.TestSonar -->
    </test> <!-- Default test -->
  </suite> <!-- Default suite -->
</testng-results>
